INFO:root:Programm started
INFO:root:Programm started
INFO:root:Users nuber is 5
INFO:root:Program printed 3
INFO:root:Program printed 4
INFO:root:Program printed 1
INFO:root:Program printed 5
INFO:root:Program printed 2
INFO:root:All nubers is: [3, 4, 1, 5, 2]
INFO:root:Programms end
INFO:root:Programm started
INFO:root:Users nuber is 8
INFO:root:Program printed 4
INFO:root:Program printed 6
INFO:root:Program printed 5
INFO:root:Program printed 1
INFO:root:Program printed 8
INFO:root:Program printed 7
INFO:root:Program printed 2
INFO:root:Program printed 3
INFO:root:All nubers is: [4, 6, 5, 1, 8, 7, 2, 3]
INFO:root:Programms end
INFO:root:Programm started
INFO:root:Users nuber is 7
INFO:root:Program printed 5
INFO:root:Program printed 7
INFO:root:Program printed 3
INFO:root:Program printed 1
INFO:root:Program printed 6
INFO:root:Program printed 4
INFO:root:Program printed 2
INFO:root:All nubers is: [5, 7, 3, 1, 6, 4, 2]
INFO:root:Programms end
INFO:root:Programm started
INFO:root:Users nuber is 13
INFO:root:Program printed 10
INFO:root:Program printed 9
INFO:root:Program printed 11
INFO:root:Program printed 13
INFO:root:Program printed 1
INFO:root:Program printed 4
INFO:root:Program printed 5
INFO:root:Program printed 3
INFO:root:Program printed 2
INFO:root:Program printed 8
INFO:root:Program printed 7
INFO:root:Program printed 6
INFO:root:Program printed 12
INFO:root:All nubers is: [10, 9, 11, 13, 1, 4, 5, 3, 2, 8, 7, 6, 12]
INFO:root:Programms end
INFO:root:Programm started
INFO:root:Users nuber is 25
INFO:root:Program printed 7
INFO:root:Program printed 20
INFO:root:Program printed 9
INFO:root:Program printed 8
INFO:root:Program printed 5
INFO:root:Program printed 12
INFO:root:Program printed 2
INFO:root:Program printed 3
INFO:root:Program printed 21
INFO:root:Program printed 4
INFO:root:Program printed 15
INFO:root:Program printed 23
INFO:root:Program printed 10
INFO:root:Program printed 18
INFO:root:Program printed 11
INFO:root:Program printed 24
INFO:root:Program printed 22
INFO:root:Program printed 1
INFO:root:Program printed 19
INFO:root:Program printed 13
INFO:root:Program printed 17
INFO:root:Program printed 6
INFO:root:Program printed 16
INFO:root:Program printed 14
INFO:root:Program printed 25
INFO:root:All nubers is: [7, 20, 9, 8, 5, 12, 2, 3, 21, 4, 15, 23, 10, 18, 11, 24, 22, 1, 19, 13, 17, 6, 16, 14, 25]
INFO:root:Programms end
INFO:root:Programm started
